-------------------------------------------------------------------------------
Test set: in.acesko.springbootcrud.springbootcrudapi.TestWebApp
-------------------------------------------------------------------------------
Tests run: 4, Failures: 0, Errors: 4, Skipped: 0, Time elapsed: 0 s <<< FAILURE! - in in.acesko.springbootcrud.springbootcrudapi.TestWebApp
testAktivnosti  Time elapsed: 0 s  <<< ERROR!
java.lang.IllegalArgumentException: WebApplicationContext is required
	at in.acesko.springbootcrud.springbootcrudapi.TestWebApp.setup(TestWebApp.java:24)

testDopustenja  Time elapsed: 0 s  <<< ERROR!
java.lang.IllegalArgumentException: WebApplicationContext is required
	at in.acesko.springbootcrud.springbootcrudapi.TestWebApp.setup(TestWebApp.java:24)

testKorisnickaDopustenja  Time elapsed: 0 s  <<< ERROR!
java.lang.IllegalArgumentException: WebApplicationContext is required
	at in.acesko.springbootcrud.springbootcrudapi.TestWebApp.setup(TestWebApp.java:24)

testAktivnostiDopustenja  Time elapsed: 0 s  <<< ERROR!
java.lang.IllegalArgumentException: WebApplicationContext is required
	at in.acesko.springbootcrud.springbootcrudapi.TestWebApp.setup(TestWebApp.java:24)

